2015-03-09 00:11:36-0400 [scrapy] INFO: Scrapy 0.24.4 started (bot: wikiSpider)
2015-03-09 00:11:36-0400 [scrapy] INFO: Optional features available: ssl, http11
2015-03-09 00:11:36-0400 [scrapy] INFO: Overridden settings: {'NEWSPIDER_MODULE': 'wikiSpider.spiders', 'SPIDER_MODULES': ['wikiSpider.spiders'], 'LOG_FILE': 'wiki.log', 'BOT_NAME': 'wikiSpider'}
2015-03-09 00:11:36-0400 [scrapy] INFO: Enabled extensions: LogStats, TelnetConsole, CloseSpider, WebService, CoreStats, SpiderState
2015-03-09 00:11:37-0400 [scrapy] INFO: Enabled downloader middlewares: HttpAuthMiddleware, DownloadTimeoutMiddleware, UserAgentMiddleware, RetryMiddleware, DefaultHeadersMiddleware, MetaRefreshMiddleware, HttpCompressionMiddleware, RedirectMiddleware, CookiesMiddleware, ChunkedTransferMiddleware, DownloaderStats
2015-03-09 00:11:37-0400 [scrapy] INFO: Enabled spider middlewares: HttpErrorMiddleware, OffsiteMiddleware, RefererMiddleware, UrlLengthMiddleware, DepthMiddleware
2015-03-09 00:11:37-0400 [scrapy] INFO: Enabled item pipelines: 
2015-03-09 00:11:37-0400 [article] INFO: Spider opened
2015-03-09 00:11:37-0400 [article] INFO: Crawled 0 pages (at 0 pages/min), scraped 0 items (at 0 items/min)
2015-03-09 00:11:37-0400 [scrapy] DEBUG: Telnet console listening on 127.0.0.1:6023
2015-03-09 00:11:37-0400 [scrapy] DEBUG: Web service listening on 127.0.0.1:6080
2015-03-09 00:11:37-0400 [article] DEBUG: Crawled (200) <GET http://en.wikipedia.org/wiki/Python_%28programming_language%29> (referer: None)
2015-03-09 00:11:37-0400 [scrapy] INFO: Received SIGINT, shutting down gracefully. Send again to force 
2015-03-09 00:11:37-0400 [article] INFO: Closing spider (shutdown)
2015-03-09 00:11:37-0400 [article] DEBUG: Filtered offsite request to 'en.wikibooks.org': <GET http://en.wikibooks.org/wiki/Python_Programming>
2015-03-09 00:11:37-0400 [article] DEBUG: Filtered offsite request to 'code.google.com': <GET https://code.google.com/p/unladen-swallow/wiki/ProjectPlan>
2015-03-09 00:11:37-0400 [article] DEBUG: Filtered offsite request to 'en.wikiquote.org': <GET http://en.wikiquote.org/wiki/Python>
2015-03-09 00:11:37-0400 [scrapy] INFO: Received SIGINT twice, forcing unclean shutdown
2017-05-31 22:31:48 [scrapy.utils.log] INFO: Scrapy 1.4.0 started (bot: wikiSpider)
2017-05-31 22:31:48 [scrapy.utils.log] INFO: Overridden settings: {'NEWSPIDER_MODULE': 'wikiSpider.spiders', 'SPIDER_MODULES': ['wikiSpider.spiders'], 'LOG_FILE': 'wiki.log', 'EDITOR': 'vim', 'BOT_NAME': 'wikiSpider'}
2017-05-31 22:31:48 [scrapy.middleware] INFO: Enabled extensions:
['scrapy.extensions.memusage.MemoryUsage',
 'scrapy.extensions.logstats.LogStats',
 'scrapy.extensions.telnet.TelnetConsole',
 'scrapy.extensions.corestats.CoreStats']
2017-05-31 22:31:48 [scrapy.middleware] INFO: Enabled downloader middlewares:
['scrapy.downloadermiddlewares.httpauth.HttpAuthMiddleware',
 'scrapy.downloadermiddlewares.downloadtimeout.DownloadTimeoutMiddleware',
 'scrapy.downloadermiddlewares.defaultheaders.DefaultHeadersMiddleware',
 'scrapy.downloadermiddlewares.useragent.UserAgentMiddleware',
 'scrapy.downloadermiddlewares.retry.RetryMiddleware',
 'scrapy.downloadermiddlewares.redirect.MetaRefreshMiddleware',
 'scrapy.downloadermiddlewares.httpcompression.HttpCompressionMiddleware',
 'scrapy.downloadermiddlewares.redirect.RedirectMiddleware',
 'scrapy.downloadermiddlewares.cookies.CookiesMiddleware',
 'scrapy.downloadermiddlewares.httpproxy.HttpProxyMiddleware',
 'scrapy.downloadermiddlewares.stats.DownloaderStats']
2017-05-31 22:31:48 [scrapy.middleware] INFO: Enabled spider middlewares:
['scrapy.spidermiddlewares.httperror.HttpErrorMiddleware',
 'scrapy.spidermiddlewares.offsite.OffsiteMiddleware',
 'scrapy.spidermiddlewares.referer.RefererMiddleware',
 'scrapy.spidermiddlewares.urllength.UrlLengthMiddleware',
 'scrapy.spidermiddlewares.depth.DepthMiddleware']
2017-05-31 22:31:48 [scrapy.middleware] INFO: Enabled item pipelines:
[]
2017-05-31 22:31:48 [scrapy.core.engine] INFO: Spider opened
2017-05-31 22:31:48 [scrapy.extensions.logstats] INFO: Crawled 0 pages (at 0 pages/min), scraped 0 items (at 0 items/min)
2017-05-31 22:31:48 [scrapy.extensions.telnet] DEBUG: Telnet console listening on 127.0.0.1:6023
2017-05-31 22:31:49 [scrapy.downloadermiddlewares.redirect] DEBUG: Redirecting (301) to <GET https://en.wikipedia.org/wiki/Python_%28programming_language%29> from <GET http://en.wikipedia.org/wiki/Python_%28programming_language%29>
2017-05-31 22:31:49 [scrapy.core.engine] DEBUG: Crawled (200) <GET https://en.wikipedia.org/wiki/Python_%28programming_language%29> (referer: None)
2017-05-31 22:31:50 [scrapy.dupefilters] DEBUG: Filtered duplicate request: <GET https://en.wikipedia.org/wiki/Python_%28programming_language%29#p-search> - no more duplicates will be shown (see DUPEFILTER_DEBUG to show all duplicates)
2017-05-31 22:31:50 [scrapy.spidermiddlewares.offsite] DEBUG: Filtered offsite request to 'en.wikibooks.org': <GET https://en.wikibooks.org/wiki/Python_Programming>
2017-05-31 22:31:50 [scrapy.core.engine] DEBUG: Crawled (200) <GET https://en.wikipedia.org/wiki/Python_%28programming_language%29#mw-head> (referer: https://en.wikipedia.org/wiki/Python_%28programming_language%29)
2017-05-31 22:31:50 [scrapy.core.scraper] DEBUG: Scraped from <200 https://en.wikipedia.org/wiki/Python_%28programming_language%29>
{'title': u'Python (programming language)'}
2017-05-31 22:31:51 [scrapy.spidermiddlewares.offsite] DEBUG: Filtered offsite request to 'code.google.com': <GET https://code.google.com/p/unladen-swallow/wiki/ProjectPlan>
2017-05-31 22:31:51 [scrapy.core.engine] DEBUG: Crawled (200) <GET https://en.wikipedia.org/wiki/IronPython> (referer: https://en.wikipedia.org/wiki/Python_%28programming_language%29)
2017-05-31 22:31:51 [scrapy.spidermiddlewares.offsite] DEBUG: Filtered offsite request to 'en.wikiquote.org': <GET https://en.wikiquote.org/wiki/Python>
2017-05-31 22:31:51 [scrapy.spidermiddlewares.offsite] DEBUG: Filtered offsite request to 'en.wikiversity.org': <GET https://en.wikiversity.org/wiki/Python>
2017-05-31 22:31:51 [scrapy.core.scraper] DEBUG: Scraped from <200 https://en.wikipedia.org/wiki/IronPython>
{'title': u'IronPython'}
2017-05-31 22:31:51 [scrapy.core.engine] DEBUG: Crawled (200) <GET https://en.wikipedia.org/wiki/CPython> (referer: https://en.wikipedia.org/wiki/Python_%28programming_language%29)
2017-05-31 22:31:51 [scrapy.spidermiddlewares.offsite] DEBUG: Filtered offsite request to 'www.wikidata.org': <GET https://www.wikidata.org/wiki/Q28865>
2017-05-31 22:31:51 [scrapy.spidermiddlewares.offsite] DEBUG: Filtered offsite request to 'af.wikipedia.org': <GET https://af.wikipedia.org/wiki/Python_(programmeertaal)>
2017-05-31 22:31:51 [scrapy.spidermiddlewares.offsite] DEBUG: Filtered offsite request to 'als.wikipedia.org': <GET https://als.wikipedia.org/wiki/Python_(Programmiersprache)>
2017-05-31 22:31:51 [scrapy.spidermiddlewares.offsite] DEBUG: Filtered offsite request to 'ar.wikipedia.org': <GET https://ar.wikipedia.org/wiki/%D8%A8%D8%A7%D9%8A%D8%AB%D9%88%D9%86>
2017-05-31 22:31:51 [scrapy.spidermiddlewares.offsite] DEBUG: Filtered offsite request to 'an.wikipedia.org': <GET https://an.wikipedia.org/wiki/Python>
2017-05-31 22:31:51 [scrapy.spidermiddlewares.offsite] DEBUG: Filtered offsite request to 'as.wikipedia.org': <GET https://as.wikipedia.org/wiki/%E0%A6%AA%E0%A6%BE%E0%A6%87%E0%A6%A5%E0%A6%A8>
2017-05-31 22:31:51 [scrapy.spidermiddlewares.offsite] DEBUG: Filtered offsite request to 'az.wikipedia.org': <GET https://az.wikipedia.org/wiki/Python_(proqramla%C5%9Fd%C4%B1rma_dili)>
2017-05-31 22:31:51 [scrapy.spidermiddlewares.offsite] DEBUG: Filtered offsite request to 'azb.wikipedia.org': <GET https://azb.wikipedia.org/wiki/%D9%BE%D8%A7%DB%8C%D8%AA%D9%88%D9%86>
2017-05-31 22:31:51 [scrapy.spidermiddlewares.offsite] DEBUG: Filtered offsite request to 'bn.wikipedia.org': <GET https://bn.wikipedia.org/wiki/%E0%A6%AA%E0%A6%BE%E0%A6%87%E0%A6%A5%E0%A6%A8_(%E0%A6%AA%E0%A7%8D%E0%A6%B0%E0%A7%8B%E0%A6%97%E0%A7%8D%E0%A6%B0%E0%A6%BE%E0%A6%AE%E0%A6%BF%E0%A6%82_%E0%A6%AD%E0%A6%BE%E0%A6%B7%E0%A6%BE)>
2017-05-31 22:31:51 [scrapy.spidermiddlewares.offsite] DEBUG: Filtered offsite request to 'zh-min-nan.wikipedia.org': <GET https://zh-min-nan.wikipedia.org/wiki/Python>
2017-05-31 22:31:51 [scrapy.spidermiddlewares.offsite] DEBUG: Filtered offsite request to 'be.wikipedia.org': <GET https://be.wikipedia.org/wiki/Python,_%D0%BC%D0%BE%D0%B2%D0%B0_%D0%BF%D1%80%D0%B0%D0%B3%D1%80%D0%B0%D0%BC%D0%B0%D0%B2%D0%B0%D0%BD%D0%BD%D1%8F>
2017-05-31 22:31:51 [scrapy.spidermiddlewares.offsite] DEBUG: Filtered offsite request to 'bg.wikipedia.org': <GET https://bg.wikipedia.org/wiki/Python>
2017-05-31 22:31:51 [scrapy.spidermiddlewares.offsite] DEBUG: Filtered offsite request to 'bs.wikipedia.org': <GET https://bs.wikipedia.org/wiki/Python_(programski_jezik)>
2017-05-31 22:31:51 [scrapy.spidermiddlewares.offsite] DEBUG: Filtered offsite request to 'ca.wikipedia.org': <GET https://ca.wikipedia.org/wiki/Python>
2017-05-31 22:31:51 [scrapy.spidermiddlewares.offsite] DEBUG: Filtered offsite request to 'ceb.wikipedia.org': <GET https://ceb.wikipedia.org/wiki/Python_(programming_language)>
2017-05-31 22:31:51 [scrapy.spidermiddlewares.offsite] DEBUG: Filtered offsite request to 'cs.wikipedia.org': <GET https://cs.wikipedia.org/wiki/Python>
2017-05-31 22:31:51 [scrapy.spidermiddlewares.offsite] DEBUG: Filtered offsite request to 'da.wikipedia.org': <GET https://da.wikipedia.org/wiki/Python_(programmeringssprog)>
2017-05-31 22:31:51 [scrapy.spidermiddlewares.offsite] DEBUG: Filtered offsite request to 'de.wikipedia.org': <GET https://de.wikipedia.org/wiki/Python_(Programmiersprache)>
2017-05-31 22:31:51 [scrapy.spidermiddlewares.offsite] DEBUG: Filtered offsite request to 'et.wikipedia.org': <GET https://et.wikipedia.org/wiki/Python_(programmeerimiskeel)>
2017-05-31 22:31:51 [scrapy.spidermiddlewares.offsite] DEBUG: Filtered offsite request to 'el.wikipedia.org': <GET https://el.wikipedia.org/wiki/Python>
2017-05-31 22:31:51 [scrapy.spidermiddlewares.offsite] DEBUG: Filtered offsite request to 'es.wikipedia.org': <GET https://es.wikipedia.org/wiki/Python>
2017-05-31 22:31:51 [scrapy.spidermiddlewares.offsite] DEBUG: Filtered offsite request to 'eo.wikipedia.org': <GET https://eo.wikipedia.org/wiki/Python_(programlingvo)>
2017-05-31 22:31:51 [scrapy.spidermiddlewares.offsite] DEBUG: Filtered offsite request to 'eu.wikipedia.org': <GET https://eu.wikipedia.org/wiki/Python_(informatika)>
2017-05-31 22:31:51 [scrapy.spidermiddlewares.offsite] DEBUG: Filtered offsite request to 'fa.wikipedia.org': <GET https://fa.wikipedia.org/wiki/%D9%BE%D8%A7%DB%8C%D8%AA%D9%88%D9%86_(%D8%B2%D8%A8%D8%A7%D9%86_%D8%A8%D8%B1%D9%86%D8%A7%D9%85%D9%87%E2%80%8C%D9%86%D9%88%DB%8C%D8%B3%DB%8C)>
2017-05-31 22:31:51 [scrapy.spidermiddlewares.offsite] DEBUG: Filtered offsite request to 'fr.wikipedia.org': <GET https://fr.wikipedia.org/wiki/Python_(langage)>
2017-05-31 22:31:51 [scrapy.spidermiddlewares.offsite] DEBUG: Filtered offsite request to 'gl.wikipedia.org': <GET https://gl.wikipedia.org/wiki/Python>
2017-05-31 22:31:51 [scrapy.spidermiddlewares.offsite] DEBUG: Filtered offsite request to 'gu.wikipedia.org': <GET https://gu.wikipedia.org/wiki/%E0%AA%AA%E0%AA%BE%E0%AA%AF%E0%AA%A5%E0%AB%8B%E0%AA%A8(%E0%AA%AA%E0%AB%8D%E0%AA%B0%E0%AB%8B%E0%AA%97%E0%AB%8D%E0%AA%B0%E0%AA%BE%E0%AA%AE%E0%AA%BF%E0%AA%82%E0%AA%97_%E0%AA%AD%E0%AA%BE%E0%AA%B7%E0%AA%BE)>
2017-05-31 22:31:51 [scrapy.spidermiddlewares.offsite] DEBUG: Filtered offsite request to 'ko.wikipedia.org': <GET https://ko.wikipedia.org/wiki/%ED%8C%8C%EC%9D%B4%EC%8D%AC>
2017-05-31 22:31:51 [scrapy.spidermiddlewares.offsite] DEBUG: Filtered offsite request to 'hy.wikipedia.org': <GET https://hy.wikipedia.org/wiki/Python>
2017-05-31 22:31:51 [scrapy.spidermiddlewares.offsite] DEBUG: Filtered offsite request to 'hi.wikipedia.org': <GET https://hi.wikipedia.org/wiki/%E0%A4%AA%E0%A4%BE%E0%A4%87%E0%A4%A5%E0%A4%A8_(%E0%A4%AA%E0%A5%8D%E0%A4%B0%E0%A5%8B%E0%A4%97%E0%A5%8D%E0%A4%B0%E0%A4%BE%E0%A4%AE%E0%A4%BF%E0%A4%82%E0%A4%97_%E0%A4%AD%E0%A4%BE%E0%A4%B7%E0%A4%BE)>
2017-05-31 22:31:51 [scrapy.spidermiddlewares.offsite] DEBUG: Filtered offsite request to 'hr.wikipedia.org': <GET https://hr.wikipedia.org/wiki/Python_(programski_jezik)>
2017-05-31 22:31:51 [scrapy.spidermiddlewares.offsite] DEBUG: Filtered offsite request to 'id.wikipedia.org': <GET https://id.wikipedia.org/wiki/Python_(bahasa_pemrograman)>
2017-05-31 22:31:51 [scrapy.spidermiddlewares.offsite] DEBUG: Filtered offsite request to 'ia.wikipedia.org': <GET https://ia.wikipedia.org/wiki/Python_(linguage_de_programmation)>
2017-05-31 22:31:51 [scrapy.spidermiddlewares.offsite] DEBUG: Filtered offsite request to 'is.wikipedia.org': <GET https://is.wikipedia.org/wiki/Python_(forritunarm%C3%A1l)>
2017-05-31 22:31:51 [scrapy.spidermiddlewares.offsite] DEBUG: Filtered offsite request to 'it.wikipedia.org': <GET https://it.wikipedia.org/wiki/Python>
2017-05-31 22:31:51 [scrapy.spidermiddlewares.offsite] DEBUG: Filtered offsite request to 'he.wikipedia.org': <GET https://he.wikipedia.org/wiki/%D7%A4%D7%99%D7%99%D7%AA%D7%95%D7%9F>
2017-05-31 22:31:51 [scrapy.spidermiddlewares.offsite] DEBUG: Filtered offsite request to 'ka.wikipedia.org': <GET https://ka.wikipedia.org/wiki/%E1%83%9E%E1%83%98%E1%83%97%E1%83%9D%E1%83%9C%E1%83%98_(%E1%83%9E%E1%83%A0%E1%83%9D%E1%83%92%E1%83%A0%E1%83%90%E1%83%9B%E1%83%98%E1%83%A0%E1%83%94%E1%83%91%E1%83%98%E1%83%A1_%E1%83%94%E1%83%9C%E1%83%90)>
2017-05-31 22:31:51 [scrapy.spidermiddlewares.offsite] DEBUG: Filtered offsite request to 'kk.wikipedia.org': <GET https://kk.wikipedia.org/wiki/Python>
2017-05-31 22:31:51 [scrapy.spidermiddlewares.offsite] DEBUG: Filtered offsite request to 'la.wikipedia.org': <GET https://la.wikipedia.org/wiki/Python>
2017-05-31 22:31:51 [scrapy.spidermiddlewares.offsite] DEBUG: Filtered offsite request to 'lv.wikipedia.org': <GET https://lv.wikipedia.org/wiki/Python>
2017-05-31 22:31:51 [scrapy.spidermiddlewares.offsite] DEBUG: Filtered offsite request to 'lt.wikipedia.org': <GET https://lt.wikipedia.org/wiki/Python>
2017-05-31 22:31:51 [scrapy.spidermiddlewares.offsite] DEBUG: Filtered offsite request to 'jbo.wikipedia.org': <GET https://jbo.wikipedia.org/wiki/paiton>
2017-05-31 22:31:51 [scrapy.spidermiddlewares.offsite] DEBUG: Filtered offsite request to 'lmo.wikipedia.org': <GET https://lmo.wikipedia.org/wiki/Python>
2017-05-31 22:31:51 [scrapy.spidermiddlewares.offsite] DEBUG: Filtered offsite request to 'hu.wikipedia.org': <GET https://hu.wikipedia.org/wiki/Python_(programoz%C3%A1si_nyelv)>
2017-05-31 22:31:51 [scrapy.spidermiddlewares.offsite] DEBUG: Filtered offsite request to 'mk.wikipedia.org': <GET https://mk.wikipedia.org/wiki/%D0%9F%D0%B0%D1%98%D1%82%D0%BE%D0%BD_(%D0%BF%D1%80%D0%BE%D0%B3%D1%80%D0%B0%D0%BC%D1%81%D0%BA%D0%B8_%D1%98%D0%B0%D0%B7%D0%B8%D0%BA)>
2017-05-31 22:31:51 [scrapy.spidermiddlewares.offsite] DEBUG: Filtered offsite request to 'ml.wikipedia.org': <GET https://ml.wikipedia.org/wiki/%E0%B4%AA%E0%B5%88%E0%B4%A4%E0%B5%8D%E0%B4%A4%E0%B5%BA_(%E0%B4%AA%E0%B5%8D%E0%B4%B0%E0%B5%8B%E0%B4%97%E0%B5%8D%E0%B4%B0%E0%B4%BE%E0%B4%AE%E0%B4%BF%E0%B4%99%E0%B5%8D%E0%B4%99%E0%B5%8D_%E0%B4%AD%E0%B4%BE%E0%B4%B7)>
2017-05-31 22:31:51 [scrapy.spidermiddlewares.offsite] DEBUG: Filtered offsite request to 'mr.wikipedia.org': <GET https://mr.wikipedia.org/wiki/%E0%A4%AA%E0%A4%BE%E0%A4%AF%E0%A4%A5%E0%A5%89%E0%A4%A8>
2017-05-31 22:31:51 [scrapy.spidermiddlewares.offsite] DEBUG: Filtered offsite request to 'ms.wikipedia.org': <GET https://ms.wikipedia.org/wiki/Python>
2017-05-31 22:31:51 [scrapy.spidermiddlewares.offsite] DEBUG: Filtered offsite request to 'mn.wikipedia.org': <GET https://mn.wikipedia.org/wiki/Python>
2017-05-31 22:31:51 [scrapy.spidermiddlewares.offsite] DEBUG: Filtered offsite request to 'my.wikipedia.org': <GET https://my.wikipedia.org/wiki/Python_(programming_language)>
2017-05-31 22:31:51 [scrapy.spidermiddlewares.offsite] DEBUG: Filtered offsite request to 'nl.wikipedia.org': <GET https://nl.wikipedia.org/wiki/Python_(programmeertaal)>
2017-05-31 22:31:51 [scrapy.spidermiddlewares.offsite] DEBUG: Filtered offsite request to 'ne.wikipedia.org': <GET https://ne.wikipedia.org/wiki/%E0%A4%AA%E0%A4%BE%E0%A4%87%E0%A4%A5%E0%A4%A8_%E0%A4%AA%E0%A5%8D%E0%A4%B0%E0%A5%8B%E0%A4%97%E0%A5%8D%E0%A4%B0%E0%A4%BE%E0%A4%AE%E0%A4%BF%E0%A4%99%E0%A5%8D%E0%A4%97_%E0%A4%AD%E0%A4%BE%E0%A4%B7%E0%A4%BE>
2017-05-31 22:31:51 [scrapy.spidermiddlewares.offsite] DEBUG: Filtered offsite request to 'ja.wikipedia.org': <GET https://ja.wikipedia.org/wiki/Python>
2017-05-31 22:31:51 [scrapy.spidermiddlewares.offsite] DEBUG: Filtered offsite request to 'no.wikipedia.org': <GET https://no.wikipedia.org/wiki/Python>
2017-05-31 22:31:51 [scrapy.spidermiddlewares.offsite] DEBUG: Filtered offsite request to 'nn.wikipedia.org': <GET https://nn.wikipedia.org/wiki/Python>
2017-05-31 22:31:51 [scrapy.spidermiddlewares.offsite] DEBUG: Filtered offsite request to 'or.wikipedia.org': <GET https://or.wikipedia.org/wiki/%E0%AC%AA%E0%AC%BE%E0%AC%87%E0%AC%A5%E0%AC%A8%E0%AD%8D_(%E0%AC%AA%E0%AD%8D%E0%AC%B0%E0%AD%8B%E0%AC%97%E0%AD%8D%E0%AC%B0%E0%AC%BE%E0%AC%AE%E0%AC%BF%E0%AC%82_%E0%AC%AD%E0%AC%BE%E0%AC%B7%E0%AC%BE)>
2017-05-31 22:31:51 [scrapy.spidermiddlewares.offsite] DEBUG: Filtered offsite request to 'uz.wikipedia.org': <GET https://uz.wikipedia.org/wiki/Python>
2017-05-31 22:31:51 [scrapy.spidermiddlewares.offsite] DEBUG: Filtered offsite request to 'pnb.wikipedia.org': <GET https://pnb.wikipedia.org/wiki/%D9%BE%D8%A7%D8%A6%DB%8C%D8%AA%DA%BE%D9%86_(%DA%A9%D9%85%D9%BE%DB%8C%D9%88%D9%B9%D8%B1_%D8%A8%D9%88%D9%84%DB%8C)>
2017-05-31 22:31:51 [scrapy.spidermiddlewares.offsite] DEBUG: Filtered offsite request to 'km.wikipedia.org': <GET https://km.wikipedia.org/wiki/%E1%9E%95%E1%9E%B6%E1%9E%99%E1%9E%90%E1%9E%BB%E1%9E%93>
2017-05-31 22:31:51 [scrapy.spidermiddlewares.offsite] DEBUG: Filtered offsite request to 'nds.wikipedia.org': <GET https://nds.wikipedia.org/wiki/Python_(Programmeerspraak)>
2017-05-31 22:31:51 [scrapy.spidermiddlewares.offsite] DEBUG: Filtered offsite request to 'pl.wikipedia.org': <GET https://pl.wikipedia.org/wiki/Python>
2017-05-31 22:31:51 [scrapy.spidermiddlewares.offsite] DEBUG: Filtered offsite request to 'pt.wikipedia.org': <GET https://pt.wikipedia.org/wiki/Python>
2017-05-31 22:31:51 [scrapy.spidermiddlewares.offsite] DEBUG: Filtered offsite request to 'ro.wikipedia.org': <GET https://ro.wikipedia.org/wiki/Python>
2017-05-31 22:31:51 [scrapy.spidermiddlewares.offsite] DEBUG: Filtered offsite request to 'ru.wikipedia.org': <GET https://ru.wikipedia.org/wiki/Python>
2017-05-31 22:31:51 [scrapy.spidermiddlewares.offsite] DEBUG: Filtered offsite request to 'sco.wikipedia.org': <GET https://sco.wikipedia.org/wiki/Python_(programmin_leid)>
2017-05-31 22:31:51 [scrapy.spidermiddlewares.offsite] DEBUG: Filtered offsite request to 'sq.wikipedia.org': <GET https://sq.wikipedia.org/wiki/Python>
2017-05-31 22:31:51 [scrapy.spidermiddlewares.offsite] DEBUG: Filtered offsite request to 'si.wikipedia.org': <GET https://si.wikipedia.org/wiki/%E0%B6%B4%E0%B6%BA%E0%B7%92%E0%B6%AD%E0%B6%B1%E0%B7%8A>
2017-05-31 22:31:51 [scrapy.spidermiddlewares.offsite] DEBUG: Filtered offsite request to 'simple.wikipedia.org': <GET https://simple.wikipedia.org/wiki/Python_(programming_language)>
2017-05-31 22:31:51 [scrapy.spidermiddlewares.offsite] DEBUG: Filtered offsite request to 'sk.wikipedia.org': <GET https://sk.wikipedia.org/wiki/Python_(programovac%C3%AD_jazyk)>
2017-05-31 22:31:51 [scrapy.spidermiddlewares.offsite] DEBUG: Filtered offsite request to 'sl.wikipedia.org': <GET https://sl.wikipedia.org/wiki/Python_(programski_jezik)>
2017-05-31 22:31:51 [scrapy.spidermiddlewares.offsite] DEBUG: Filtered offsite request to 'ckb.wikipedia.org': <GET https://ckb.wikipedia.org/wiki/%D9%BE%D8%A7%DB%8C%D8%AA%D9%86_(%D8%B2%D9%85%D8%A7%D9%86%DB%8C_%D8%A8%DB%95%D8%B1%D9%86%D8%A7%D9%85%DB%95%D8%B3%D8%A7%D8%B2%DB%8C)>
2017-05-31 22:31:51 [scrapy.spidermiddlewares.offsite] DEBUG: Filtered offsite request to 'sr.wikipedia.org': <GET https://sr.wikipedia.org/wiki/%D0%9F%D0%B0%D1%98%D1%82%D0%BE%D0%BD_(%D0%BF%D1%80%D0%BE%D0%B3%D1%80%D0%B0%D0%BC%D1%81%D0%BA%D0%B8_%D1%98%D0%B5%D0%B7%D0%B8%D0%BA)>
2017-05-31 22:31:51 [scrapy.spidermiddlewares.offsite] DEBUG: Filtered offsite request to 'sh.wikipedia.org': <GET https://sh.wikipedia.org/wiki/Python_programski_jezik>
2017-05-31 22:31:51 [scrapy.spidermiddlewares.offsite] DEBUG: Filtered offsite request to 'fi.wikipedia.org': <GET https://fi.wikipedia.org/wiki/Python_(ohjelmointikieli)>
2017-05-31 22:31:51 [scrapy.spidermiddlewares.offsite] DEBUG: Filtered offsite request to 'sv.wikipedia.org': <GET https://sv.wikipedia.org/wiki/Python_(programspr%C3%A5k)>
2017-05-31 22:31:51 [scrapy.spidermiddlewares.offsite] DEBUG: Filtered offsite request to 'tl.wikipedia.org': <GET https://tl.wikipedia.org/wiki/Python_(wikang_pamprograma)>
2017-05-31 22:31:51 [scrapy.spidermiddlewares.offsite] DEBUG: Filtered offsite request to 'ta.wikipedia.org': <GET https://ta.wikipedia.org/wiki/%E0%AE%AA%E0%AF%88%E0%AE%A4%E0%AF%8D%E0%AE%A4%E0%AE%BE%E0%AE%A9%E0%AF%8D>
2017-05-31 22:31:51 [scrapy.spidermiddlewares.offsite] DEBUG: Filtered offsite request to 'te.wikipedia.org': <GET https://te.wikipedia.org/wiki/%E0%B0%AA%E0%B1%88%E0%B0%A5%E0%B0%BE%E0%B0%A8%E0%B1%8D_(%E0%B0%95%E0%B0%82%E0%B0%AA%E0%B1%8D%E0%B0%AF%E0%B1%82%E0%B0%9F%E0%B0%B0%E0%B1%8D_%E0%B0%AD%E0%B0%BE%E0%B0%B7)>
2017-05-31 22:31:51 [scrapy.spidermiddlewares.offsite] DEBUG: Filtered offsite request to 'th.wikipedia.org': <GET https://th.wikipedia.org/wiki/%E0%B8%A0%E0%B8%B2%E0%B8%A9%E0%B8%B2%E0%B9%84%E0%B8%9E%E0%B8%97%E0%B8%AD%E0%B8%99>
2017-05-31 22:31:51 [scrapy.spidermiddlewares.offsite] DEBUG: Filtered offsite request to 'tg.wikipedia.org': <GET https://tg.wikipedia.org/wiki/Python>
2017-05-31 22:31:51 [scrapy.spidermiddlewares.offsite] DEBUG: Filtered offsite request to 'tr.wikipedia.org': <GET https://tr.wikipedia.org/wiki/Python_(programlama_dili)>
2017-05-31 22:31:51 [scrapy.spidermiddlewares.offsite] DEBUG: Filtered offsite request to 'bug.wikipedia.org': <GET https://bug.wikipedia.org/wiki/Python>
2017-05-31 22:31:51 [scrapy.spidermiddlewares.offsite] DEBUG: Filtered offsite request to 'uk.wikipedia.org': <GET https://uk.wikipedia.org/wiki/Python>
2017-05-31 22:31:51 [scrapy.spidermiddlewares.offsite] DEBUG: Filtered offsite request to 'ur.wikipedia.org': <GET https://ur.wikipedia.org/wiki/%D9%BE%D8%A7%D8%A6%DB%8C%D8%AA%DA%BE%D9%86_(%D9%BE%D8%B1%D9%88%DA%AF%D8%B1%D8%A7%D9%85%D9%86%DA%AF_%D8%B2%D8%A8%D8%A7%D9%86)>
2017-05-31 22:31:51 [scrapy.spidermiddlewares.offsite] DEBUG: Filtered offsite request to 'vi.wikipedia.org': <GET https://vi.wikipedia.org/wiki/Python_(ng%C3%B4n_ng%E1%BB%AF_l%E1%BA%ADp_tr%C3%ACnh)>
2017-05-31 22:31:51 [scrapy.spidermiddlewares.offsite] DEBUG: Filtered offsite request to 'wuu.wikipedia.org': <GET https://wuu.wikipedia.org/wiki/Python>
2017-05-31 22:31:51 [scrapy.spidermiddlewares.offsite] DEBUG: Filtered offsite request to 'zh-yue.wikipedia.org': <GET https://zh-yue.wikipedia.org/wiki/Python>
2017-05-31 22:31:51 [scrapy.spidermiddlewares.offsite] DEBUG: Filtered offsite request to 'zh.wikipedia.org': <GET https://zh.wikipedia.org/wiki/Python>
2017-05-31 22:31:51 [scrapy.spidermiddlewares.offsite] DEBUG: Filtered offsite request to 'wikimediafoundation.org': <GET https://wikimediafoundation.org/wiki/Terms_of_Use>
2017-05-31 22:31:51 [scrapy.core.scraper] DEBUG: Scraped from <200 https://en.wikipedia.org/wiki/CPython>
{'title': u'CPython'}
2017-05-31 22:31:52 [scrapy.core.engine] DEBUG: Crawled (200) <GET https://en.wikipedia.org/wiki/Dialect_(computing)> (referer: https://en.wikipedia.org/wiki/Python_%28programming_language%29)
2017-05-31 22:31:52 [scrapy.core.engine] DEBUG: Crawled (200) <GET https://en.wikipedia.org/wiki/Cython> (referer: https://en.wikipedia.org/wiki/Python_%28programming_language%29)
2017-05-31 22:31:52 [scrapy.core.engine] DEBUG: Crawled (200) <GET https://en.wikipedia.org/wiki/PyPy> (referer: https://en.wikipedia.org/wiki/Python_%28programming_language%29)
2017-05-31 22:31:52 [scrapy.core.engine] DEBUG: Crawled (200) <GET https://en.wikipedia.org/wiki/MicroPython> (referer: https://en.wikipedia.org/wiki/Python_%28programming_language%29)
2017-05-31 22:31:52 [scrapy.core.engine] DEBUG: Crawled (200) <GET https://en.wikipedia.org/wiki/RPython> (referer: https://en.wikipedia.org/wiki/Python_%28programming_language%29)
2017-05-31 22:31:52 [scrapy.core.engine] DEBUG: Crawled (200) <GET https://en.wikipedia.org/wiki/Programming_language_implementation> (referer: https://en.wikipedia.org/wiki/Python_%28programming_language%29)
2017-05-31 22:31:52 [scrapy.core.engine] DEBUG: Crawled (200) <GET https://en.wikipedia.org/wiki/Jython> (referer: https://en.wikipedia.org/wiki/Python_%28programming_language%29)
2017-05-31 22:31:52 [scrapy.core.engine] DEBUG: Crawled (200) <GET https://en.wikipedia.org/wiki/Numba> (referer: https://en.wikipedia.org/wiki/Python_%28programming_language%29)
2017-05-31 22:31:52 [scrapy.core.scraper] DEBUG: Scraped from <200 https://en.wikipedia.org/wiki/Dialect_(computing)>
{'title': u'Dialect (computing)'}
2017-05-31 22:31:52 [scrapy.core.scraper] DEBUG: Scraped from <200 https://en.wikipedia.org/wiki/Cython>
{'title': u'Cython'}
2017-05-31 22:31:52 [scrapy.core.scraper] DEBUG: Scraped from <200 https://en.wikipedia.org/wiki/PyPy>
{'title': u'PyPy'}
2017-05-31 22:31:52 [scrapy.core.scraper] DEBUG: Scraped from <200 https://en.wikipedia.org/wiki/MicroPython>
{'title': u'MicroPython'}
2017-05-31 22:31:52 [scrapy.core.scraper] DEBUG: Scraped from <200 https://en.wikipedia.org/wiki/RPython>
{'title': u'PyPy'}
2017-05-31 22:31:52 [scrapy.core.engine] DEBUG: Crawled (200) <GET https://en.wikipedia.org/wiki/Filename_extension> (referer: https://en.wikipedia.org/wiki/Python_%28programming_language%29)
2017-05-31 22:31:52 [scrapy.core.engine] DEBUG: Crawled (200) <GET https://en.wikipedia.org/wiki/Python_Software_Foundation_License> (referer: https://en.wikipedia.org/wiki/Python_%28programming_language%29)
2017-05-31 22:31:52 [scrapy.core.engine] DEBUG: Crawled (200) <GET https://en.wikipedia.org/wiki/Software_license> (referer: https://en.wikipedia.org/wiki/Python_%28programming_language%29)
2017-05-31 22:31:52 [scrapy.core.engine] DEBUG: Crawled (200) <GET https://en.wikipedia.org/wiki/Cross-platform> (referer: https://en.wikipedia.org/wiki/Python_%28programming_language%29)
2017-05-31 22:31:52 [scrapy.core.engine] DEBUG: Crawled (200) <GET https://en.wikipedia.org/wiki/Round_to_even> (referer: https://en.wikipedia.org/wiki/Python_%28programming_language%29)
2017-05-31 22:31:52 [scrapy.core.engine] DEBUG: Crawled (200) <GET https://en.wikipedia.org/wiki/David_M._Beazley> (referer: https://en.wikipedia.org/wiki/Python_%28programming_language%29)
2017-05-31 22:31:52 [scrapy.core.engine] DEBUG: Crawled (200) <GET https://en.wikipedia.org/wiki/Common_Language_Infrastructure> (referer: https://en.wikipedia.org/wiki/IronPython)
2017-05-31 22:31:52 [scrapy.core.scraper] DEBUG: Scraped from <200 https://en.wikipedia.org/wiki/Programming_language_implementation>
{'title': u'Programming language implementation'}
2017-05-31 22:31:52 [scrapy.core.scraper] DEBUG: Scraped from <200 https://en.wikipedia.org/wiki/Jython>
{'title': u'Jython'}
2017-05-31 22:31:53 [scrapy.core.engine] DEBUG: Crawled (200) <GET https://en.wikipedia.org/wiki/Operating_system> (referer: https://en.wikipedia.org/wiki/Python_%28programming_language%29)
2017-05-31 22:31:53 [scrapy.core.scraper] DEBUG: Scraped from <200 https://en.wikipedia.org/wiki/Numba>
{'title': u'Numba'}
2017-05-31 22:31:53 [scrapy.core.engine] DEBUG: Crawled (200) <GET https://en.wikipedia.org/wiki/Pypy> (referer: https://en.wikipedia.org/wiki/IronPython)
2017-05-31 22:31:53 [scrapy.core.engine] DEBUG: Crawled (200) <GET https://en.wikipedia.org/wiki/Java_Virtual_Machine> (referer: https://en.wikipedia.org/wiki/IronPython)
2017-05-31 22:31:53 [scrapy.core.scraper] DEBUG: Scraped from <200 https://en.wikipedia.org/wiki/Filename_extension>
{'title': u'Filename extension'}
2017-05-31 22:31:53 [scrapy.core.scraper] DEBUG: Scraped from <200 https://en.wikipedia.org/wiki/Python_Software_Foundation_License>
{'title': u'Python Software Foundation License'}
2017-05-31 22:31:53 [scrapy.core.scraper] DEBUG: Scraped from <200 https://en.wikipedia.org/wiki/Software_license>
{'title': u'Software license'}
2017-05-31 22:31:53 [scrapy.core.scraper] DEBUG: Scraped from <200 https://en.wikipedia.org/wiki/Cross-platform>
{'title': u'Cross-platform'}
2017-05-31 22:31:53 [scrapy.core.scraper] DEBUG: Scraped from <200 https://en.wikipedia.org/wiki/Round_to_even>
{'title': u'Rounding'}
2017-05-31 22:31:53 [scrapy.core.scraper] DEBUG: Scraped from <200 https://en.wikipedia.org/wiki/David_M._Beazley>
{'title': u'David M. Beazley'}
2017-05-31 22:31:53 [scrapy.core.scraper] DEBUG: Scraped from <200 https://en.wikipedia.org/wiki/Common_Language_Infrastructure>
{'title': u'Common Language Infrastructure'}
2017-05-31 22:31:53 [scrapy.core.engine] DEBUG: Crawled (200) <GET https://en.wikipedia.org/wiki/Tao_Framework> (referer: https://en.wikipedia.org/wiki/IronPython)
2017-05-31 22:31:53 [scrapy.core.engine] DEBUG: Crawled (200) <GET https://en.wikipedia.org/wiki/IronScheme> (referer: https://en.wikipedia.org/wiki/IronPython)
2017-05-31 22:31:53 [scrapy.core.engine] DEBUG: Crawled (200) <GET https://en.wikipedia.org/wiki/Open_Source_Definition> (referer: https://en.wikipedia.org/wiki/IronPython)
2017-05-31 22:31:53 [scrapy.core.engine] DEBUG: Crawled (200) <GET https://en.wikipedia.org/wiki/IronLisp> (referer: https://en.wikipedia.org/wiki/IronPython)
2017-05-31 22:31:54 [scrapy.core.engine] DEBUG: Crawled (200) <GET https://en.wikipedia.org/wiki/Global_Interpreter_Lock> (referer: https://en.wikipedia.org/wiki/IronPython)
2017-05-31 22:31:54 [scrapy.core.engine] DEBUG: Crawled (200) <GET https://en.wikipedia.org/wiki/Dhrystone> (referer: https://en.wikipedia.org/wiki/IronPython)
2017-05-31 22:31:54 [scrapy.core.scraper] DEBUG: Scraped from <200 https://en.wikipedia.org/wiki/Operating_system>
{'title': u'Operating system'}
2017-05-31 22:31:54 [scrapy.spidermiddlewares.offsite] DEBUG: Filtered offsite request to 'github.com': <GET https://github.com/cython/cython/wiki/DifferencesFromPyrex>
2017-05-31 22:31:54 [scrapy.core.engine] DEBUG: Crawled (200) <GET https://en.wikipedia.org/wiki/Standard_Libraries_(CLI)> (referer: https://en.wikipedia.org/wiki/IronPython)
2017-05-31 22:31:54 [scrapy.core.engine] DEBUG: Crawled (200) <GET https://en.wikipedia.org/wiki/Metadata_(CLI)> (referer: https://en.wikipedia.org/wiki/IronPython)
2017-05-31 22:31:54 [scrapy.core.scraper] DEBUG: Scraped from <200 https://en.wikipedia.org/wiki/Pypy>
{'title': u'PyPy'}
2017-05-31 22:31:54 [scrapy.core.scraper] DEBUG: Scraped from <200 https://en.wikipedia.org/wiki/Java_Virtual_Machine>
{'title': u'Java virtual machine'}
2017-05-31 22:31:55 [scrapy.core.engine] DEBUG: Crawled (200) <GET https://en.wikipedia.org/wiki/Manifest_(CLI)> (referer: https://en.wikipedia.org/wiki/IronPython)
2017-05-31 22:31:55 [scrapy.core.engine] DEBUG: Crawled (200) <GET https://en.wikipedia.org/wiki/Global_Assembly_Cache> (referer: https://en.wikipedia.org/wiki/IronPython)
2017-05-31 22:31:55 [scrapy.core.engine] DEBUG: Crawled (200) <GET https://en.wikipedia.org/wiki/Delegate_(CLI)> (referer: https://en.wikipedia.org/wiki/IronPython)
2017-05-31 22:31:55 [scrapy.core.engine] DEBUG: Crawled (200) <GET https://en.wikipedia.org/wiki/Assembly_(CLI)> (referer: https://en.wikipedia.org/wiki/IronPython)
2017-05-31 22:31:55 [scrapy.core.engine] DEBUG: Crawled (200) <GET https://en.wikipedia.org/wiki/Overhead_(computing)> (referer: https://en.wikipedia.org/wiki/CPython)
2017-05-31 22:31:55 [scrapy.core.engine] DEBUG: Crawled (200) <GET https://en.wikipedia.org/wiki/Functional_compiler> (referer: https://en.wikipedia.org/wiki/Programming_language_implementation)
2017-05-31 22:31:55 [scrapy.core.scraper] DEBUG: Scraped from <200 https://en.wikipedia.org/wiki/Tao_Framework>
{'title': u'Tao Framework'}
2017-05-31 22:31:55 [scrapy.core.scraper] DEBUG: Scraped from <200 https://en.wikipedia.org/wiki/IronScheme>
{'title': u'IronScheme'}
2017-05-31 22:31:55 [scrapy.core.scraper] ERROR: Spider error processing <GET https://en.wikipedia.org/wiki/Open_Source_Definition> (referer: https://en.wikipedia.org/wiki/IronPython)
Traceback (most recent call last):
  File "/Users/ykoh/python2.scrapy/lib/python2.7/site-packages/scrapy/utils/defer.py", line 102, in iter_errback
    yield next(it)
  File "/Users/ykoh/python2.scrapy/lib/python2.7/site-packages/scrapy/spidermiddlewares/offsite.py", line 29, in process_spider_output
    for x in result:
  File "/Users/ykoh/python2.scrapy/lib/python2.7/site-packages/scrapy/spidermiddlewares/referer.py", line 339, in <genexpr>
    return (_set_referer(r) for r in result or ())
  File "/Users/ykoh/python2.scrapy/lib/python2.7/site-packages/scrapy/spidermiddlewares/urllength.py", line 37, in <genexpr>
    return (r for r in result or () if _filter(r))
  File "/Users/ykoh/python2.scrapy/lib/python2.7/site-packages/scrapy/spidermiddlewares/depth.py", line 58, in <genexpr>
    return (r for r in result or () if _filter(r))
  File "/Users/ykoh/python2.scrapy/lib/python2.7/site-packages/scrapy/spiders/crawl.py", line 76, in _parse_response
    cb_res = callback(response, **cb_kwargs) or ()
  File "/Users/ykoh/Dropbox/PycharmProjects/python-scraping/chapter3/scrapy/wikiSpider/wikiSpider/spiders/articleSpider.py", line 18, in parse_item
    title = response.xpath('//h1/text()')[0].extract()
  File "/Users/ykoh/python2.scrapy/lib/python2.7/site-packages/parsel/selector.py", line 61, in __getitem__
    o = super(SelectorList, self).__getitem__(pos)
IndexError: list index out of range
2017-05-31 22:31:55 [scrapy.core.scraper] DEBUG: Scraped from <200 https://en.wikipedia.org/wiki/IronLisp>
{'title': u'IronLisp'}
2017-05-31 22:31:55 [scrapy.core.scraper] DEBUG: Scraped from <200 https://en.wikipedia.org/wiki/Global_Interpreter_Lock>
{'title': u'Global interpreter lock'}
2017-05-31 22:31:55 [scrapy.core.scraper] DEBUG: Scraped from <200 https://en.wikipedia.org/wiki/Dhrystone>
{'title': u'Dhrystone'}
2017-05-31 22:31:56 [scrapy.core.engine] DEBUG: Crawled (200) <GET https://en.wikipedia.org/wiki/Micro_Bit> (referer: https://en.wikipedia.org/wiki/MicroPython)
2017-05-31 22:31:56 [scrapy.core.scraper] DEBUG: Scraped from <200 https://en.wikipedia.org/wiki/Standard_Libraries_(CLI)>
{'title': u'Standard Libraries (CLI)'}
2017-05-31 22:31:56 [scrapy.core.scraper] DEBUG: Scraped from <200 https://en.wikipedia.org/wiki/Metadata_(CLI)>
{'title': u'Metadata (CLI)'}
2017-05-31 22:31:56 [scrapy.core.engine] DEBUG: Crawled (200) <GET https://en.wikipedia.org/wiki/End-user> (referer: https://en.wikipedia.org/wiki/Software_license)
2017-05-31 22:31:56 [scrapy.core.engine] DEBUG: Crawled (200) <GET https://en.wikipedia.org/wiki/Object_code> (referer: https://en.wikipedia.org/wiki/Software_license)
2017-05-31 22:31:56 [scrapy.core.engine] DEBUG: Crawled (200) <GET https://en.wikipedia.org/wiki/BBC> (referer: https://en.wikipedia.org/wiki/MicroPython)
2017-05-31 22:31:56 [scrapy.core.engine] DEBUG: Crawled (200) <GET https://en.wikipedia.org/wiki/Source_code> (referer: https://en.wikipedia.org/wiki/Software_license)
2017-05-31 22:31:56 [scrapy.core.engine] DEBUG: Crawled (200) <GET https://en.wikipedia.org/wiki/Copyright> (referer: https://en.wikipedia.org/wiki/Software_license)
2017-05-31 22:31:56 [scrapy.core.scraper] DEBUG: Scraped from <200 https://en.wikipedia.org/wiki/Manifest_(CLI)>
{'title': u'Manifest (CLI)'}
2017-05-31 22:31:56 [scrapy.core.scraper] DEBUG: Scraped from <200 https://en.wikipedia.org/wiki/Global_Assembly_Cache>
{'title': u'Global Assembly Cache'}
2017-05-31 22:31:56 [scrapy.core.scraper] DEBUG: Scraped from <200 https://en.wikipedia.org/wiki/Delegate_(CLI)>
{'title': u'Delegate (CLI)'}
2017-05-31 22:31:56 [scrapy.core.scraper] DEBUG: Scraped from <200 https://en.wikipedia.org/wiki/Assembly_(CLI)>
{'title': u'Assembly (CLI)'}
2017-05-31 22:31:56 [scrapy.core.scraper] DEBUG: Scraped from <200 https://en.wikipedia.org/wiki/Overhead_(computing)>
{'title': u'Overhead (computing)'}
2017-05-31 22:31:56 [scrapy.core.scraper] DEBUG: Scraped from <200 https://en.wikipedia.org/wiki/Functional_compiler>
{'title': u'Functional compiler'}
2017-05-31 22:31:56 [scrapy.crawler] INFO: Received SIGINT, shutting down gracefully. Send again to force 
2017-05-31 22:31:57 [scrapy.core.engine] DEBUG: Crawled (200) <GET https://en.wikipedia.org/wiki/Exclusive_rights> (referer: https://en.wikipedia.org/wiki/Software_license)
2017-05-31 22:31:57 [scrapy.core.engine] DEBUG: Crawled (200) <GET https://en.wikipedia.org/wiki/Winamp> (referer: https://en.wikipedia.org/wiki/Software_license)
2017-05-31 22:31:57 [scrapy.core.engine] DEBUG: Crawled (200) <GET https://en.wikipedia.org/wiki/Public_domain_software> (referer: https://en.wikipedia.org/wiki/Software_license)
2017-05-31 22:31:57 [scrapy.core.engine] INFO: Closing spider (shutdown)
2017-05-31 22:31:57 [scrapy.core.scraper] DEBUG: Scraped from <200 https://en.wikipedia.org/wiki/Micro_Bit>
{'title': u'Micro Bit'}
2017-05-31 22:31:57 [scrapy.core.engine] DEBUG: Crawled (200) <GET https://en.wikipedia.org/wiki/Irfanview> (referer: https://en.wikipedia.org/wiki/Software_license)
2017-05-31 22:31:57 [scrapy.core.engine] DEBUG: Crawled (200) <GET https://en.wikipedia.org/wiki/First_sale_doctrine> (referer: https://en.wikipedia.org/wiki/Software_license)
2017-05-31 22:31:57 [scrapy.core.engine] DEBUG: Crawled (200) <GET https://en.wikipedia.org/wiki/European_Court_of_Justice> (referer: https://en.wikipedia.org/wiki/Software_license)
2017-05-31 22:31:57 [scrapy.core.engine] DEBUG: Crawled (200) <GET https://en.wikipedia.org/wiki/Digital_Distribution> (referer: https://en.wikipedia.org/wiki/Software_license)
2017-05-31 22:31:57 [scrapy.core.scraper] DEBUG: Scraped from <200 https://en.wikipedia.org/wiki/End-user>
{'title': u'End user'}
2017-05-31 22:31:57 [scrapy.spidermiddlewares.offsite] DEBUG: Filtered offsite request to 'mhr.wikipedia.org': <GET https://mhr.wikipedia.org/wiki/%D0%A4%D0%B0%D0%B9%D0%BB%D0%BB%D3%B1%D0%BC%D1%8B%D0%BC_%D0%BA%D1%83%D0%BC%D0%B4%D0%B0%D2%A5%D0%B4%D1%8B%D0%BC%D0%B0%D1%88>
2017-05-31 22:31:57 [scrapy.core.scraper] DEBUG: Scraped from <200 https://en.wikipedia.org/wiki/Object_code>
{'title': u'Object code'}
2017-05-31 22:31:57 [scrapy.core.scraper] DEBUG: Scraped from <200 https://en.wikipedia.org/wiki/BBC>
{'title': u'BBC'}
2017-05-31 22:31:57 [scrapy.core.scraper] DEBUG: Scraped from <200 https://en.wikipedia.org/wiki/Source_code>
{'title': u'Source code'}
2017-05-31 22:31:57 [scrapy.core.scraper] DEBUG: Scraped from <200 https://en.wikipedia.org/wiki/Copyright>
{'title': u'Copyright'}
2017-05-31 22:31:57 [scrapy.core.engine] DEBUG: Crawled (200) <GET https://en.wikipedia.org/wiki/EULA> (referer: https://en.wikipedia.org/wiki/Software_license)
2017-05-31 22:31:57 [scrapy.core.engine] DEBUG: Crawled (200) <GET https://en.wikipedia.org/wiki/Sic> (referer: https://en.wikipedia.org/wiki/IronScheme)
2017-05-31 22:31:57 [scrapy.core.engine] DEBUG: Crawled (200) <GET https://en.wikipedia.org/wiki/Steam_(software)> (referer: https://en.wikipedia.org/wiki/Software_license)
2017-05-31 22:31:59 [scrapy.crawler] INFO: Received SIGINT twice, forcing unclean shutdown
2017-05-31 22:31:59 [scrapy.core.scraper] DEBUG: Scraped from <200 https://en.wikipedia.org/wiki/Exclusive_rights>
{'title': u'Exclusive right'}
2017-05-31 22:31:59 [scrapy.core.scraper] DEBUG: Scraped from <200 https://en.wikipedia.org/wiki/Winamp>
{'title': u'Winamp'}
2017-05-31 22:31:59 [scrapy.core.scraper] DEBUG: Scraped from <200 https://en.wikipedia.org/wiki/Public_domain_software>
{'title': u'Public-domain software'}
2017-05-31 22:31:59 [scrapy.spidermiddlewares.offsite] DEBUG: Filtered offsite request to 'ast.wikipedia.org': <GET https://ast.wikipedia.org/wiki/Llicencia_de_software>
2017-05-31 22:31:59 [scrapy.spidermiddlewares.offsite] DEBUG: Filtered offsite request to 'fy.wikipedia.org': <GET https://fy.wikipedia.org/wiki/S%C3%AAftguodlisinsje>
2017-05-31 22:31:59 [scrapy.spidermiddlewares.offsite] DEBUG: Filtered offsite request to 'jv.wikipedia.org': <GET https://jv.wikipedia.org/wiki/Lis%C3%A8nsi_piranti_alus>
2017-05-31 22:31:59 [scrapy.spidermiddlewares.offsite] DEBUG: Filtered offsite request to 'lo.wikipedia.org': <GET https://lo.wikipedia.org/wiki/%E2%80%8D%E0%BB%83%E0%BA%9A%E0%BA%AD%E0%BA%B0%E0%BA%99%E0%BA%B8%E0%BA%8D%E0%BA%B2%E0%BA%94%E0%BA%82%E0%BA%AD%E0%BA%87%E0%BA%8A%E0%BA%AD%E0%BA%9F%E0%BA%95%E0%BB%8C%E0%BB%81%E0%BA%A7%E0%BA%A3%E0%BB%8C>
2017-05-31 22:31:59 [scrapy.spidermiddlewares.offsite] DEBUG: Filtered offsite request to 'pa.wikipedia.org': <GET https://pa.wikipedia.org/wiki/%E0%A8%B8%E0%A8%BE%E0%A8%AB%E0%A8%BC%E0%A8%9F%E0%A8%B5%E0%A9%87%E0%A8%85%E0%A8%B0_%E0%A8%B2%E0%A8%B8%E0%A9%B0%E0%A8%B8>
2017-05-31 22:31:59 [scrapy.core.engine] DEBUG: Crawled (200) <GET https://en.wikipedia.org/wiki/Video_game> (referer: https://en.wikipedia.org/wiki/Software_license)
2017-05-31 22:31:59 [scrapy.core.engine] DEBUG: Crawled (200) <GET https://en.wikipedia.org/wiki/Software_metering> (referer: https://en.wikipedia.org/wiki/Software_license)
2017-05-31 22:31:59 [scrapy.core.engine] DEBUG: Crawled (200) <GET https://en.wikipedia.org/wiki/Rights_Expression_Language> (referer: https://en.wikipedia.org/wiki/Software_license)
2017-05-31 22:31:59 [scrapy.core.engine] DEBUG: Crawled (200) <GET https://en.wikipedia.org/wiki/Product_key> (referer: https://en.wikipedia.org/wiki/Software_license)
2017-05-31 22:31:59 [scrapy.core.engine] DEBUG: Crawled (200) <GET https://en.wikipedia.org/wiki/Product_activation> (referer: https://en.wikipedia.org/wiki/Software_license)
2017-05-31 22:31:59 [scrapy.core.scraper] DEBUG: Scraped from <200 https://en.wikipedia.org/wiki/Irfanview>
{'title': u'IrfanView'}
2017-05-31 22:31:59 [scrapy.core.scraper] DEBUG: Scraped from <200 https://en.wikipedia.org/wiki/First_sale_doctrine>
{'title': u'First-sale doctrine'}
2017-05-31 22:31:59 [scrapy.core.scraper] DEBUG: Scraped from <200 https://en.wikipedia.org/wiki/European_Court_of_Justice>
{'title': u'European Court of Justice'}
2017-05-31 22:31:59 [scrapy.core.scraper] DEBUG: Scraped from <200 https://en.wikipedia.org/wiki/Digital_Distribution>
{'title': u'Digital distribution'}
